<?xml version="1.0" encoding="UTF-8"?>
<testsuite name="ru.stqa.baran.sandbox.SquareTests" tests="1" skipped="0" failures="0" errors="0" timestamp="2020-02-23T07:33:48" hostname="COMPUTER" time="0.005">
  <properties/>
  <testcase name="testArea" classname="ru.stqa.baran.sandbox.SquareTests" time="0.005"/>
  <system-out><![CDATA[]]></system-out>
  <system-err><![CDATA[]]></system-err>
</testsuite>
