<?xml version="1.0" encoding="UTF-8"?>
<testsuite name="ru.stqa.baran.sandbox.SquareTests" tests="1" skipped="0" failures="0" errors="0" timestamp="2020-02-22T19:22:46" hostname="COMPUTER" time="0.007">
  <properties/>
  <testcase name="testArea" classname="ru.stqa.baran.sandbox.SquareTests" time="0.007"/>
  <system-out><![CDATA[
]]></system-out>
  <system-err><![CDATA[]]></system-err>
</testsuite>
